<?xml version="1.0" encoding="UTF-8"?>
<!-- Generated by org.testng.reporters.JUnitReportReporter -->
<testsuite hostname="DESKTOP-0KMKOQQ" failures="0" tests="4" name="com.nwrc.testdataaccess.ConstantsTest" time="0.000" errors="0" timestamp="2024-05-09T17:15:52 BST" skipped="4">
  <testcase classname="com.nwrc.testdataaccess.ConstantsTest" name="testWindowSize14p1" time="0.000">
    <skipped/>
  </testcase> <!-- testWindowSize14p1 -->
  <testcase classname="com.nwrc.testdataaccess.ConstantsTest" name="testDoorSize15p1" time="0.000">
    <skipped/>
  </testcase> <!-- testDoorSize15p1 -->
  <testcase classname="com.nwrc.testdataaccess.ConstantsTest" name="testGallons16p1" time="0.000">
    <skipped/>
  </testcase> <!-- testGallons16p1 -->
  <testcase classname="com.nwrc.testdataaccess.ConstantsTest" name="testCoverage13p1" time="0.000">
    <skipped/>
  </testcase> <!-- testCoverage13p1 -->
</testsuite> <!-- com.nwrc.testdataaccess.ConstantsTest -->
