<?xml version="1.0" encoding="UTF-8"?>
<!-- Generated by org.testng.reporters.JUnitReportReporter -->
<testsuite hostname="DESKTOP-0KMKOQQ" failures="0" tests="10" name="CuystomerTest.CustomerTests" time="0.022" errors="0" timestamp="2024-05-08T22:37:15 BST" skipped="0">
  <testcase classname="CuystomerTest.CustomerTests" name="getCoverage4p1" time="0.001"/>
  <testcase classname="CuystomerTest.CustomerTests" name="getCoverage7p1" time="0.001"/>
  <testcase classname="CuystomerTest.CustomerTests" name="getCoverage5p1" time="0.001"/>
  <testcase classname="CuystomerTest.CustomerTests" name="getCoverage3p1" time="0.001"/>
  <testcase classname="CuystomerTest.CustomerTests" name="getCoverage6p1" time="0.001"/>
  <testcase classname="CuystomerTest.CustomerTests" name="getCoverage1p1" time="0.003"/>
  <testcase classname="CuystomerTest.CustomerTests" name="getCoverage8p1" time="0.001"/>
  <testcase classname="CuystomerTest.CustomerTests" name="getCoverage10p1" time="0.010"/>
  <testcase classname="CuystomerTest.CustomerTests" name="getCoverage2p1" time="0.002"/>
  <testcase classname="CuystomerTest.CustomerTests" name="getCoverage9p1" time="0.001"/>
</testsuite> <!-- CuystomerTest.CustomerTests -->
