<?xml version="1.0" encoding="UTF-8"?>
<!-- Generated by org.testng.reporters.JUnitReportReporter -->
<testsuite hostname="DESKTOP-0KMKOQQ" failures="0" tests="10" name="CustomerTest.CustomerTests" time="0.026" errors="0" timestamp="2024-05-08T23:02:40 BST" skipped="0">
  <testcase classname="CustomerTest.CustomerTests" name="getCoverage4p1" time="0.001"/>
  <testcase classname="CustomerTest.CustomerTests" name="getCoverage7p1" time="0.001"/>
  <testcase classname="CustomerTest.CustomerTests" name="getCoverage5p1" time="0.002"/>
  <testcase classname="CustomerTest.CustomerTests" name="getCoverage3p1" time="0.002"/>
  <testcase classname="CustomerTest.CustomerTests" name="getCoverage6p1" time="0.002"/>
  <testcase classname="CustomerTest.CustomerTests" name="getCoverage1p1" time="0.004"/>
  <testcase classname="CustomerTest.CustomerTests" name="getCoverage8p1" time="0.001"/>
  <testcase classname="CustomerTest.CustomerTests" name="getCoverage10p1" time="0.010"/>
  <testcase classname="CustomerTest.CustomerTests" name="getCoverage2p1" time="0.002"/>
  <testcase classname="CustomerTest.CustomerTests" name="getCoverage9p1" time="0.001"/>
</testsuite> <!-- CustomerTest.CustomerTests -->
