<?xml version="1.0" encoding="UTF-8"?>
<!-- Generated by org.testng.reporters.JUnitReportReporter -->
<testsuite hostname="DESKTOP-0KMKOQQ" failures="0" tests="10" name="com.nwrc.TradeTest.TradeTests" time="0.001" errors="0" timestamp="2024-05-09T17:15:52 BST" skipped="10">
  <testcase classname="com.nwrc.TradeTest.TradeTests" name="getTradeName12p2" time="0.000">
    <skipped/>
  </testcase> <!-- getTradeName12p2 -->
  <testcase classname="com.nwrc.TradeTest.TradeTests" name="getCustomerTelNo10p1" time="0.001">
    <skipped/>
  </testcase> <!-- getCustomerTelNo10p1 -->
  <testcase classname="com.nwrc.TradeTest.TradeTests" name="getCustomerAddress9p2" time="0.000">
    <skipped/>
  </testcase> <!-- getCustomerAddress9p2 -->
  <testcase classname="com.nwrc.TradeTest.TradeTests" name="getCustomerType8p2" time="0.000">
    <skipped/>
  </testcase> <!-- getCustomerType8p2 -->
  <testcase classname="com.nwrc.TradeTest.TradeTests" name="getSurfaceArea11p2" time="0.000">
    <skipped/>
  </testcase> <!-- getSurfaceArea11p2 -->
  <testcase classname="com.nwrc.TradeTest.TradeTests" name="getTradeName12p1" time="0.000">
    <skipped/>
  </testcase> <!-- getTradeName12p1 -->
  <testcase classname="com.nwrc.TradeTest.TradeTests" name="getCustomerTelNo10p2" time="0.000">
    <skipped/>
  </testcase> <!-- getCustomerTelNo10p2 -->
  <testcase classname="com.nwrc.TradeTest.TradeTests" name="getCustomerAddress9p1" time="0.000">
    <skipped/>
  </testcase> <!-- getCustomerAddress9p1 -->
  <testcase classname="com.nwrc.TradeTest.TradeTests" name="getCustomerType8p1" time="0.000">
    <skipped/>
  </testcase> <!-- getCustomerType8p1 -->
  <testcase classname="com.nwrc.TradeTest.TradeTests" name="getSurfaceArea11p1" time="0.000">
    <skipped/>
  </testcase> <!-- getSurfaceArea11p1 -->
</testsuite> <!-- com.nwrc.TradeTest.TradeTests -->
