<?xml version="1.0" encoding="UTF-8"?>
<!-- Generated by org.testng.reporters.JUnitReportReporter -->
<testsuite hostname="DESKTOP-0KMKOQQ" failures="0" tests="14" name="com.nwrc.GeneralTest.GeneralTests" time="0.003" errors="0" timestamp="2024-05-09T17:15:52 BST" skipped="14">
  <testcase classname="com.nwrc.GeneralTest.GeneralTests" name="getHeight5p2" time="0.000">
    <skipped/>
  </testcase> <!-- getHeight5p2 -->
  <testcase classname="com.nwrc.GeneralTest.GeneralTests" name="getWidth6p2" time="0.000">
    <skipped/>
  </testcase> <!-- getWidth6p2 -->
  <testcase classname="com.nwrc.GeneralTest.GeneralTests" name="getCustomerAddress2p1" time="0.000">
    <skipped/>
  </testcase> <!-- getCustomerAddress2p1 -->
  <testcase classname="com.nwrc.GeneralTest.GeneralTests" name="getRoomShape4p1" time="0.000">
    <skipped/>
  </testcase> <!-- getRoomShape4p1 -->
  <testcase classname="com.nwrc.GeneralTest.GeneralTests" name="getCustomerName7p2" time="0.000">
    <skipped/>
  </testcase> <!-- getCustomerName7p2 -->
  <testcase classname="com.nwrc.GeneralTest.GeneralTests" name="getCustomerTelNo3p1" time="0.001">
    <skipped/>
  </testcase> <!-- getCustomerTelNo3p1 -->
  <testcase classname="com.nwrc.GeneralTest.GeneralTests" name="getCustomerTelNo3p2" time="0.000">
    <skipped/>
  </testcase> <!-- getCustomerTelNo3p2 -->
  <testcase classname="com.nwrc.GeneralTest.GeneralTests" name="getCustomerType1p1" time="0.001">
    <skipped/>
  </testcase> <!-- getCustomerType1p1 -->
  <testcase classname="com.nwrc.GeneralTest.GeneralTests" name="getCustomerType1p2" time="0.000">
    <skipped/>
  </testcase> <!-- getCustomerType1p2 -->
  <testcase classname="com.nwrc.GeneralTest.GeneralTests" name="getHeight5p1" time="0.000">
    <skipped/>
  </testcase> <!-- getHeight5p1 -->
  <testcase classname="com.nwrc.GeneralTest.GeneralTests" name="getCustomerName7p1" time="0.000">
    <skipped/>
  </testcase> <!-- getCustomerName7p1 -->
  <testcase classname="com.nwrc.GeneralTest.GeneralTests" name="getRoomShape4p2" time="0.000">
    <skipped/>
  </testcase> <!-- getRoomShape4p2 -->
  <testcase classname="com.nwrc.GeneralTest.GeneralTests" name="getCustomerAddress2p2" time="0.001">
    <skipped/>
  </testcase> <!-- getCustomerAddress2p2 -->
  <testcase classname="com.nwrc.GeneralTest.GeneralTests" name="getWidth6p1" time="0.000">
    <skipped/>
  </testcase> <!-- getWidth6p1 -->
</testsuite> <!-- com.nwrc.GeneralTest.GeneralTests -->
