<?xml version="1.0" encoding="UTF-8"?>
<!-- Generated by org.testng.reporters.JUnitReportReporter -->
<testsuite hostname="DESKTOP-0KMKOQQ" failures="0" tests="4" name="com.nwrc.testdataccess.ConstantsTest" time="0.020" errors="0" timestamp="2024-05-08T10:38:09 BST" skipped="0">
  <testcase classname="com.nwrc.testdataccess.ConstantsTest" name="testDoorSize" time="0.002"/>
  <testcase classname="com.nwrc.testdataccess.ConstantsTest" name="testGallons" time="0.004"/>
  <testcase classname="com.nwrc.testdataccess.ConstantsTest" name="testWindowSize" time="0.002"/>
  <testcase classname="com.nwrc.testdataccess.ConstantsTest" name="testCoverage" time="0.012"/>
</testsuite> <!-- com.nwrc.testdataccess.ConstantsTest -->
