<?xml version="1.0" encoding="UTF-8"?>
<!-- Generated by org.testng.reporters.JUnitReportReporter -->
<testsuite hostname="DESKTOP-0KMKOQQ" failures="0" tests="10" name="com.nwrc.CustomerTest.CustomerTests" time="0.001" errors="0" timestamp="2024-05-09T17:15:52 BST" skipped="10">
  <testcase classname="com.nwrc.CustomerTest.CustomerTests" name="getCoverage18p1" time="0.000">
    <skipped/>
  </testcase> <!-- getCoverage18p1 -->
  <testcase classname="com.nwrc.CustomerTest.CustomerTests" name="getCoverage27p1" time="0.000">
    <skipped/>
  </testcase> <!-- getCoverage27p1 -->
  <testcase classname="com.nwrc.CustomerTest.CustomerTests" name="getCoverage22p1" time="0.000">
    <skipped/>
  </testcase> <!-- getCoverage22p1 -->
  <testcase classname="com.nwrc.CustomerTest.CustomerTests" name="getCoverage19p1" time="0.000">
    <skipped/>
  </testcase> <!-- getCoverage19p1 -->
  <testcase classname="com.nwrc.CustomerTest.CustomerTests" name="getCoverage21p1" time="0.000">
    <skipped/>
  </testcase> <!-- getCoverage21p1 -->
  <testcase classname="com.nwrc.CustomerTest.CustomerTests" name="getCoverage24p1" time="0.001">
    <skipped/>
  </testcase> <!-- getCoverage24p1 -->
  <testcase classname="com.nwrc.CustomerTest.CustomerTests" name="getCoverage23p1" time="0.000">
    <skipped/>
  </testcase> <!-- getCoverage23p1 -->
  <testcase classname="com.nwrc.CustomerTest.CustomerTests" name="getCoverage20p1" time="0.000">
    <skipped/>
  </testcase> <!-- getCoverage20p1 -->
  <testcase classname="com.nwrc.CustomerTest.CustomerTests" name="getCoverage25p1" time="0.000">
    <skipped/>
  </testcase> <!-- getCoverage25p1 -->
  <testcase classname="com.nwrc.CustomerTest.CustomerTests" name="getCoverage26p1" time="0.000">
    <skipped/>
  </testcase> <!-- getCoverage26p1 -->
</testsuite> <!-- com.nwrc.CustomerTest.CustomerTests -->
